2026-05-21 12:32:16	Manual	3855	DY-390	C:\Users\谢刚\Desktop\项目\2026编制项目\阜阳北机务折返段新增股道工程\提资\2026.5\电力-工程数量表（2026-05-06）.xlsx	Sheet1!E4	5.3+0.5+4.3+0.5	6
2026-05-21 12:32:16	Manual	3856	DY-405	C:\Users\谢刚\Desktop\项目\2026编制项目\阜阳北机务折返段新增股道工程\提资\2026.5\电力-工程数量表（2026-05-06）.xlsx	Sheet1!E4	10.6	6
2026-05-21 12:34:08	Manual	3855	DY-390	C:\Users\谢刚\Desktop\项目\2026编制项目\阜阳北机务折返段新增股道工程\提资\2026.5\电力-工程数量表（2026-05-06）.xlsx	Sheet1!E4	6	6
2026-05-21 12:34:08	Manual	3856	DY-405	C:\Users\谢刚\Desktop\项目\2026编制项目\阜阳北机务折返段新增股道工程\提资\2026.5\电力-工程数量表（2026-05-06）.xlsx	Sheet1!E4	6	6
2026-05-21 12:34:27	Manual	3855	DY-390	C:\Users\谢刚\Desktop\项目\2026编制项目\阜阳北机务折返段新增股道工程\提资\2026.5\电力-工程数量表（2026-05-06）.xlsx	Sheet1!E4	6	6
2026-05-21 12:34:27	Manual	3856	DY-405	C:\Users\谢刚\Desktop\项目\2026编制项目\阜阳北机务折返段新增股道工程\提资\2026.5\电力-工程数量表（2026-05-06）.xlsx	Sheet1!E4	6	6
2026-05-21 12:34:58	Manual	3855	DY-390	C:\Users\谢刚\Desktop\项目\2026编制项目\阜阳北机务折返段新增股道工程\提资\2026.5\电力-工程数量表（2026-05-06）.xlsx	Sheet1!E4	6	6
2026-05-21 12:34:58	Manual	3856	DY-405	C:\Users\谢刚\Desktop\项目\2026编制项目\阜阳北机务折返段新增股道工程\提资\2026.5\电力-工程数量表（2026-05-06）.xlsx	Sheet1!E4	6	6
2026-05-21 12:35:22	Manual	3855	DY-390	C:\Users\谢刚\Desktop\项目\2026编制项目\阜阳北机务折返段新增股道工程\提资\2026.5\电力-工程数量表（2026-05-06）.xlsx	Sheet1!E4	6	6
2026-05-21 12:35:22	Manual	3856	DY-405	C:\Users\谢刚\Desktop\项目\2026编制项目\阜阳北机务折返段新增股道工程\提资\2026.5\电力-工程数量表（2026-05-06）.xlsx	Sheet1!E4	6	6
2026-05-21 12:35:34	Manual	3855	DY-390	C:\Users\谢刚\Desktop\项目\2026编制项目\阜阳北机务折返段新增股道工程\提资\2026.5\电力-工程数量表（2026-05-06）.xlsx	Sheet1!E4	6	6
2026-05-21 12:35:34	Manual	3856	DY-405	C:\Users\谢刚\Desktop\项目\2026编制项目\阜阳北机务折返段新增股道工程\提资\2026.5\电力-工程数量表（2026-05-06）.xlsx	Sheet1!E4	6	6
2026-05-21 12:59:15	Manual	3860	4731012*1.01	C:\Users\谢刚\Desktop\项目\2026编制项目\阜阳北机务折返段新增股道工程\提资\2026.5\电力-工程数量表（2026-05-06）.xlsx	Sheet1!E7	500	0.2
2026-05-21 12:59:15	Manual	3855	DY-390	C:\Users\谢刚\Desktop\项目\2026编制项目\阜阳北机务折返段新增股道工程\提资\2026.5\电力-工程数量表（2026-05-06）.xlsx	Sheet1!E4	6	6
2026-05-21 12:59:15	Manual	3856	DY-405	C:\Users\谢刚\Desktop\项目\2026编制项目\阜阳北机务折返段新增股道工程\提资\2026.5\电力-工程数量表（2026-05-06）.xlsx	Sheet1!E5	6	5.3
2026-05-21 12:59:15	Manual	3857	DY-527	C:\Users\谢刚\Desktop\项目\2026编制项目\阜阳北机务折返段新增股道工程\提资\2026.5\电力-工程数量表（2026-05-06）.xlsx	Sheet1!E6	6	0.5
2026-05-21 12:59:15	Manual	3858	DY-524	C:\Users\谢刚\Desktop\项目\2026编制项目\阜阳北机务折返段新增股道工程\提资\2026.5\电力-工程数量表（2026-05-06）.xlsx	Sheet1!E7	5	0.2
2026-05-21 12:59:15	Manual	3859	4731015*1.01	C:\Users\谢刚\Desktop\项目\2026编制项目\阜阳北机务折返段新增股道工程\提资\2026.5\电力-工程数量表（2026-05-06）.xlsx	Sheet1!E8	600	5
2026-05-21 14:48:14	Manual	3860	4731012*1.01	C:\Users\谢刚\Desktop\项目\2026编制项目\阜阳北机务折返段新增股道工程\提资\2026.5\电力-工程数量表（2026-05-06）.xlsx	Sheet1!E7	0.2	5
2026-05-21 14:48:14	Manual	3857	DY-527	C:\Users\谢刚\Desktop\项目\2026编制项目\阜阳北机务折返段新增股道工程\提资\2026.5\电力-工程数量表（2026-05-06）.xlsx	Sheet1!E6	0.5	2
2026-05-21 14:48:14	Manual	3858	DY-524	C:\Users\谢刚\Desktop\项目\2026编制项目\阜阳北机务折返段新增股道工程\提资\2026.5\电力-工程数量表（2026-05-06）.xlsx	Sheet1!E7	0.2	5
2026-05-21 14:48:14	Manual	3859	4731015*1.01	C:\Users\谢刚\Desktop\项目\2026编制项目\阜阳北机务折返段新增股道工程\提资\2026.5\电力-工程数量表（2026-05-06）.xlsx	Sheet1!E8	5	5
2026-05-21 14:48:14	Manual	4080	DY-474	C:\Users\谢刚\Desktop\项目\2026编制项目\阜阳北机务折返段新增股道工程\提资\2026.5\电力-工程数量表（2026-05-06）.xlsx	Sheet1!E4	0.5+0.5	2
2026-05-21 14:48:14	Manual	3856	DY-405	C:\Users\谢刚\Desktop\项目\2026编制项目\阜阳北机务折返段新增股道工程\提资\2026.5\电力-工程数量表（2026-05-06）.xlsx	Sheet1!E5	5.3	2
2026-05-21 14:48:14	Manual	3855	DY-390	C:\Users\谢刚\Desktop\项目\2026编制项目\阜阳北机务折返段新增股道工程\提资\2026.5\电力-工程数量表（2026-05-06）.xlsx	Sheet1!E4	6	2
2026-05-21 14:55:24	Manual	3860	4731012*1.01	C:\Users\谢刚\Desktop\项目\2026编制项目\阜阳北机务折返段新增股道工程\提资\2026.5\电力-工程数量表（2026-05-06）.xlsx	Sheet1!E7	5	5
2026-05-21 14:55:24	Manual	3858	DY-524	C:\Users\谢刚\Desktop\项目\2026编制项目\阜阳北机务折返段新增股道工程\提资\2026.5\电力-工程数量表（2026-05-06）.xlsx	Sheet1!E7	5	5
2026-05-21 14:55:24	Manual	3859	4731015*1.01	C:\Users\谢刚\Desktop\项目\2026编制项目\阜阳北机务折返段新增股道工程\提资\2026.5\电力-工程数量表（2026-05-06）.xlsx	Sheet1!E8	5	5
2026-05-21 14:55:24	Manual	4080	DY-474	C:\Users\谢刚\Desktop\项目\2026编制项目\阜阳北机务折返段新增股道工程\提资\2026.5\电力-工程数量表（2026-05-06）.xlsx	Sheet1!E4	2	2
2026-05-21 14:55:24	Manual	3855	DY-390	C:\Users\谢刚\Desktop\项目\2026编制项目\阜阳北机务折返段新增股道工程\提资\2026.5\电力-工程数量表（2026-05-06）.xlsx	Sheet1!E4	2	4
2026-05-21 14:55:24	Manual	3856	DY-405	C:\Users\谢刚\Desktop\项目\2026编制项目\阜阳北机务折返段新增股道工程\提资\2026.5\电力-工程数量表（2026-05-06）.xlsx	Sheet1!E6	2	2
2026-05-21 14:55:24	Manual	3857	DY-527	C:\Users\谢刚\Desktop\项目\2026编制项目\阜阳北机务折返段新增股道工程\提资\2026.5\电力-工程数量表（2026-05-06）.xlsx	Sheet1!E7	2	500
2026-05-21 14:55:51	Auto	3860	4731012*1.01	C:\Users\谢刚\Desktop\项目\2026编制项目\阜阳北机务折返段新增股道工程\提资\2026.5\电力-工程数量表（2026-05-06）.xlsx	Sheet1!E7	5	4
2026-05-21 14:55:51	Auto	3858	DY-524	C:\Users\谢刚\Desktop\项目\2026编制项目\阜阳北机务折返段新增股道工程\提资\2026.5\电力-工程数量表（2026-05-06）.xlsx	Sheet1!E7	5	4
2026-05-21 14:55:51	Auto	3859	4731015*1.01	C:\Users\谢刚\Desktop\项目\2026编制项目\阜阳北机务折返段新增股道工程\提资\2026.5\电力-工程数量表（2026-05-06）.xlsx	Sheet1!E8	5	5
2026-05-21 14:55:51	Auto	4080	DY-474	C:\Users\谢刚\Desktop\项目\2026编制项目\阜阳北机务折返段新增股道工程\提资\2026.5\电力-工程数量表（2026-05-06）.xlsx	Sheet1!E4	2	1
2026-05-21 14:55:51	Auto	3855	DY-390	C:\Users\谢刚\Desktop\项目\2026编制项目\阜阳北机务折返段新增股道工程\提资\2026.5\电力-工程数量表（2026-05-06）.xlsx	Sheet1!E4	4	2
2026-05-21 14:55:51	Auto	3856	DY-405	C:\Users\谢刚\Desktop\项目\2026编制项目\阜阳北机务折返段新增股道工程\提资\2026.5\电力-工程数量表（2026-05-06）.xlsx	Sheet1!E6	2	1
2026-05-21 14:55:51	Auto	3857	DY-527	C:\Users\谢刚\Desktop\项目\2026编制项目\阜阳北机务折返段新增股道工程\提资\2026.5\电力-工程数量表（2026-05-06）.xlsx	Sheet1!E7	500	400
2026-05-21 14:56:49	Auto	3860	4731012*1.01	C:\Users\谢刚\Desktop\项目\2026编制项目\阜阳北机务折返段新增股道工程\提资\2026.5\电力-工程数量表（2026-05-06）.xlsx	Sheet1!E7	4	6
2026-05-21 14:56:49	Auto	3858	DY-524	C:\Users\谢刚\Desktop\项目\2026编制项目\阜阳北机务折返段新增股道工程\提资\2026.5\电力-工程数量表（2026-05-06）.xlsx	Sheet1!E7	4	6
2026-05-21 14:56:49	Auto	3859	4731015*1.01	C:\Users\谢刚\Desktop\项目\2026编制项目\阜阳北机务折返段新增股道工程\提资\2026.5\电力-工程数量表（2026-05-06）.xlsx	Sheet1!E8	5	5
2026-05-21 14:56:49	Auto	4080	DY-474	C:\Users\谢刚\Desktop\项目\2026编制项目\阜阳北机务折返段新增股道工程\提资\2026.5\电力-工程数量表（2026-05-06）.xlsx	Sheet1!E4	1	6
2026-05-21 14:56:49	Auto	3855	DY-390	C:\Users\谢刚\Desktop\项目\2026编制项目\阜阳北机务折返段新增股道工程\提资\2026.5\电力-工程数量表（2026-05-06）.xlsx	Sheet1!E4	2	12
2026-05-21 14:56:49	Auto	3856	DY-405	C:\Users\谢刚\Desktop\项目\2026编制项目\阜阳北机务折返段新增股道工程\提资\2026.5\电力-工程数量表（2026-05-06）.xlsx	Sheet1!E6	1	6
2026-05-21 14:56:49	Auto	3857	DY-527	C:\Users\谢刚\Desktop\项目\2026编制项目\阜阳北机务折返段新增股道工程\提资\2026.5\电力-工程数量表（2026-05-06）.xlsx	Sheet1!E7	400	600
2026-05-21 14:57:47	Auto	3860	4731012*1.01	C:\Users\谢刚\Desktop\项目\2026编制项目\阜阳北机务折返段新增股道工程\提资\2026.5\电力-工程数量表（2026-05-06）.xlsx	Sheet1!E7	6	11
2026-05-21 14:57:47	Auto	3858	DY-524	C:\Users\谢刚\Desktop\项目\2026编制项目\阜阳北机务折返段新增股道工程\提资\2026.5\电力-工程数量表（2026-05-06）.xlsx	Sheet1!E7	6	11
2026-05-21 14:57:47	Auto	3859	4731015*1.01	C:\Users\谢刚\Desktop\项目\2026编制项目\阜阳北机务折返段新增股道工程\提资\2026.5\电力-工程数量表（2026-05-06）.xlsx	Sheet1!E8	5	5
2026-05-21 14:57:47	Auto	4080	DY-474	C:\Users\谢刚\Desktop\项目\2026编制项目\阜阳北机务折返段新增股道工程\提资\2026.5\电力-工程数量表（2026-05-06）.xlsx	Sheet1!E4	6	11
2026-05-21 14:57:47	Auto	3855	DY-390	C:\Users\谢刚\Desktop\项目\2026编制项目\阜阳北机务折返段新增股道工程\提资\2026.5\电力-工程数量表（2026-05-06）.xlsx	Sheet1!E4	12	22
2026-05-21 14:57:47	Auto	3856	DY-405	C:\Users\谢刚\Desktop\项目\2026编制项目\阜阳北机务折返段新增股道工程\提资\2026.5\电力-工程数量表（2026-05-06）.xlsx	Sheet1!E6	6	11
2026-05-21 14:57:47	Auto	3857	DY-527	C:\Users\谢刚\Desktop\项目\2026编制项目\阜阳北机务折返段新增股道工程\提资\2026.5\电力-工程数量表（2026-05-06）.xlsx	Sheet1!E7	600	1100
2026-05-21 15:16:26	Manual	3860	4731012*1.01	C:\Users\谢刚\Desktop\项目\2026编制项目\阜阳北机务折返段新增股道工程\提资\2026.5\电力-工程数量表（2026-05-06）.xlsx	Sheet1!E7	11	11
2026-05-21 15:16:26	Manual	3859	4731015*1.01	C:\Users\谢刚\Desktop\项目\2026编制项目\阜阳北机务折返段新增股道工程\提资\2026.5\电力-工程数量表（2026-05-06）.xlsx	Sheet1!E8	5	5
2026-05-21 15:16:26	Manual	4080	DY-474	C:\Users\谢刚\Desktop\项目\2026编制项目\阜阳北机务折返段新增股道工程\提资\2026.5\电力-工程数量表（2026-05-06）.xlsx	Sheet1!E4	11	11
2026-05-21 15:16:26	Manual	3862	DY-468	C:\Users\谢刚\Desktop\项目\2026编制项目\阜阳北机务折返段新增股道工程\提资\2026.5\电力-工程数量表（2026-05-06）.xlsx	Sheet1!E7	0	11
2026-05-21 15:16:26	Manual	3858	DY-524	C:\Users\谢刚\Desktop\项目\2026编制项目\阜阳北机务折返段新增股道工程\提资\2026.5\电力-工程数量表（2026-05-06）.xlsx	Sheet1!E7	11	11
2026-05-21 15:16:26	Manual	3855	DY-390	C:\Users\谢刚\Desktop\项目\2026编制项目\阜阳北机务折返段新增股道工程\提资\2026.5\电力-工程数量表（2026-05-06）.xlsx	Sheet1!E4	22	11
2026-05-21 15:16:26	Manual	3856	DY-405	C:\Users\谢刚\Desktop\项目\2026编制项目\阜阳北机务折返段新增股道工程\提资\2026.5\电力-工程数量表（2026-05-06）.xlsx	Sheet1!E5	11	22
2026-05-21 15:16:26	Manual	3857	DY-527	C:\Users\谢刚\Desktop\项目\2026编制项目\阜阳北机务折返段新增股道工程\提资\2026.5\电力-工程数量表（2026-05-06）.xlsx	Sheet1!E7	1100	1100
2026-05-21 15:16:51	Auto	3860	4731012*1.01	C:\Users\谢刚\Desktop\项目\2026编制项目\阜阳北机务折返段新增股道工程\提资\2026.5\电力-工程数量表（2026-05-06）.xlsx	Sheet1!E7	11	1
2026-05-21 15:16:51	Auto	3859	4731015*1.01	C:\Users\谢刚\Desktop\项目\2026编制项目\阜阳北机务折返段新增股道工程\提资\2026.5\电力-工程数量表（2026-05-06）.xlsx	Sheet1!E8	5	5
2026-05-21 15:16:51	Auto	4080	DY-474	C:\Users\谢刚\Desktop\项目\2026编制项目\阜阳北机务折返段新增股道工程\提资\2026.5\电力-工程数量表（2026-05-06）.xlsx	Sheet1!E4	11	1
2026-05-21 15:16:51	Auto	3862	DY-468	C:\Users\谢刚\Desktop\项目\2026编制项目\阜阳北机务折返段新增股道工程\提资\2026.5\电力-工程数量表（2026-05-06）.xlsx	Sheet1!E7	11	1
2026-05-21 15:16:51	Auto	3858	DY-524	C:\Users\谢刚\Desktop\项目\2026编制项目\阜阳北机务折返段新增股道工程\提资\2026.5\电力-工程数量表（2026-05-06）.xlsx	Sheet1!E7	11	1
2026-05-21 15:16:51	Auto	3855	DY-390	C:\Users\谢刚\Desktop\项目\2026编制项目\阜阳北机务折返段新增股道工程\提资\2026.5\电力-工程数量表（2026-05-06）.xlsx	Sheet1!E4	11	1
2026-05-21 15:16:51	Auto	3856	DY-405	C:\Users\谢刚\Desktop\项目\2026编制项目\阜阳北机务折返段新增股道工程\提资\2026.5\电力-工程数量表（2026-05-06）.xlsx	Sheet1!E5	22	2
2026-05-21 15:16:51	Auto	3857	DY-527	C:\Users\谢刚\Desktop\项目\2026编制项目\阜阳北机务折返段新增股道工程\提资\2026.5\电力-工程数量表（2026-05-06）.xlsx	Sheet1!E7	1100	100
2026-05-21 15:17:31	Auto	3860	4731012*1.01	C:\Users\谢刚\Desktop\项目\2026编制项目\阜阳北机务折返段新增股道工程\提资\2026.5\电力-工程数量表（2026-05-06）.xlsx	Sheet1!E7	1	1
2026-05-21 15:17:31	Auto	3859	4731015*1.01	C:\Users\谢刚\Desktop\项目\2026编制项目\阜阳北机务折返段新增股道工程\提资\2026.5\电力-工程数量表（2026-05-06）.xlsx	Sheet1!E8	5	5
2026-05-21 15:17:31	Auto	4080	DY-474	C:\Users\谢刚\Desktop\项目\2026编制项目\阜阳北机务折返段新增股道工程\提资\2026.5\电力-工程数量表（2026-05-06）.xlsx	Sheet1!E4	1	7
2026-05-21 15:17:31	Auto	3862	DY-468	C:\Users\谢刚\Desktop\项目\2026编制项目\阜阳北机务折返段新增股道工程\提资\2026.5\电力-工程数量表（2026-05-06）.xlsx	Sheet1!E7	1	1
2026-05-21 15:17:31	Auto	3858	DY-524	C:\Users\谢刚\Desktop\项目\2026编制项目\阜阳北机务折返段新增股道工程\提资\2026.5\电力-工程数量表（2026-05-06）.xlsx	Sheet1!E7	1	1
2026-05-21 15:17:31	Auto	3855	DY-390	C:\Users\谢刚\Desktop\项目\2026编制项目\阜阳北机务折返段新增股道工程\提资\2026.5\电力-工程数量表（2026-05-06）.xlsx	Sheet1!E4	1	7
2026-05-21 15:17:31	Auto	3856	DY-405	C:\Users\谢刚\Desktop\项目\2026编制项目\阜阳北机务折返段新增股道工程\提资\2026.5\电力-工程数量表（2026-05-06）.xlsx	Sheet1!E5	2	14
2026-05-21 15:17:31	Auto	3857	DY-527	C:\Users\谢刚\Desktop\项目\2026编制项目\阜阳北机务折返段新增股道工程\提资\2026.5\电力-工程数量表（2026-05-06）.xlsx	Sheet1!E7	100	100
2026-05-21 16:36:25	Manual	3860	4731012*1.01	C:\Users\谢刚\Desktop\项目\2026编制项目\阜阳北机务折返段新增股道工程\提资\2026.5\电力-工程数量表（2026-05-06）.xlsx	Sheet1!E7	1	1
2026-05-21 16:36:25	Manual	3859	4731015*1.01	C:\Users\谢刚\Desktop\项目\2026编制项目\阜阳北机务折返段新增股道工程\提资\2026.5\电力-工程数量表（2026-05-06）.xlsx	Sheet1!E8	5	5
2026-05-21 16:36:25	Manual	3862	DY-468	C:\Users\谢刚\Desktop\项目\2026编制项目\阜阳北机务折返段新增股道工程\提资\2026.5\电力-工程数量表（2026-05-06）.xlsx	Sheet1!E7	1	1
2026-05-21 16:36:25	Manual	3858	DY-524	C:\Users\谢刚\Desktop\项目\2026编制项目\阜阳北机务折返段新增股道工程\提资\2026.5\电力-工程数量表（2026-05-06）.xlsx	Sheet1!E7	1	1
2026-05-21 16:36:25	Manual	3855	DY-390	C:\Users\谢刚\Desktop\项目\2026编制项目\阜阳北机务折返段新增股道工程\提资\2026.5\电力-工程数量表（2026-05-06）.xlsx	Sheet1!E4	7	7
2026-05-21 16:36:25	Manual	3856	DY-405	C:\Users\谢刚\Desktop\项目\2026编制项目\阜阳北机务折返段新增股道工程\提资\2026.5\电力-工程数量表（2026-05-06）.xlsx	Sheet1!E6	14	7
2026-05-21 16:36:25	Manual	3857	DY-527	C:\Users\谢刚\Desktop\项目\2026编制项目\阜阳北机务折返段新增股道工程\提资\2026.5\电力-工程数量表（2026-05-06）.xlsx	Sheet1!E6	100	7
2026-05-21 16:36:33	Auto	3860	4731012*1.01	C:\Users\谢刚\Desktop\项目\2026编制项目\阜阳北机务折返段新增股道工程\提资\2026.5\电力-工程数量表（2026-05-06）.xlsx	Sheet1!E7	1	1
2026-05-21 16:36:33	Auto	3859	4731015*1.01	C:\Users\谢刚\Desktop\项目\2026编制项目\阜阳北机务折返段新增股道工程\提资\2026.5\电力-工程数量表（2026-05-06）.xlsx	Sheet1!E8	5	5
2026-05-21 16:36:33	Auto	3862	DY-468	C:\Users\谢刚\Desktop\项目\2026编制项目\阜阳北机务折返段新增股道工程\提资\2026.5\电力-工程数量表（2026-05-06）.xlsx	Sheet1!E7	1	1
2026-05-21 16:36:33	Auto	3858	DY-524	C:\Users\谢刚\Desktop\项目\2026编制项目\阜阳北机务折返段新增股道工程\提资\2026.5\电力-工程数量表（2026-05-06）.xlsx	Sheet1!E7	1	1
2026-05-21 16:36:33	Auto	3855	DY-390	C:\Users\谢刚\Desktop\项目\2026编制项目\阜阳北机务折返段新增股道工程\提资\2026.5\电力-工程数量表（2026-05-06）.xlsx	Sheet1!E4	7	7
2026-05-21 16:36:33	Auto	3856	DY-405	C:\Users\谢刚\Desktop\项目\2026编制项目\阜阳北机务折返段新增股道工程\提资\2026.5\电力-工程数量表（2026-05-06）.xlsx	Sheet1!E6	7	7
2026-05-21 16:36:33	Auto	3857	DY-527	C:\Users\谢刚\Desktop\项目\2026编制项目\阜阳北机务折返段新增股道工程\提资\2026.5\电力-工程数量表（2026-05-06）.xlsx	Sheet1!E6	7	7
2026-05-21 16:36:43	Auto	3860	4731012*1.01	C:\Users\谢刚\Desktop\项目\2026编制项目\阜阳北机务折返段新增股道工程\提资\2026.5\电力-工程数量表（2026-05-06）.xlsx	Sheet1!E7	1	1
2026-05-21 16:36:43	Auto	3859	4731015*1.01	C:\Users\谢刚\Desktop\项目\2026编制项目\阜阳北机务折返段新增股道工程\提资\2026.5\电力-工程数量表（2026-05-06）.xlsx	Sheet1!E8	5	5
2026-05-21 16:36:43	Auto	3862	DY-468	C:\Users\谢刚\Desktop\项目\2026编制项目\阜阳北机务折返段新增股道工程\提资\2026.5\电力-工程数量表（2026-05-06）.xlsx	Sheet1!E7	1	1
2026-05-21 16:36:43	Auto	3858	DY-524	C:\Users\谢刚\Desktop\项目\2026编制项目\阜阳北机务折返段新增股道工程\提资\2026.5\电力-工程数量表（2026-05-06）.xlsx	Sheet1!E7	1	1
2026-05-21 16:36:43	Auto	3855	DY-390	C:\Users\谢刚\Desktop\项目\2026编制项目\阜阳北机务折返段新增股道工程\提资\2026.5\电力-工程数量表（2026-05-06）.xlsx	Sheet1!E4	7	7
2026-05-21 16:36:43	Auto	3856	DY-405	C:\Users\谢刚\Desktop\项目\2026编制项目\阜阳北机务折返段新增股道工程\提资\2026.5\电力-工程数量表（2026-05-06）.xlsx	Sheet1!E6	7	7
2026-05-21 16:36:43	Auto	3857	DY-527	C:\Users\谢刚\Desktop\项目\2026编制项目\阜阳北机务折返段新增股道工程\提资\2026.5\电力-工程数量表（2026-05-06）.xlsx	Sheet1!E6	7	7
2026-05-21 16:38:14	Manual	3860	4731012*1.01	C:\Users\谢刚\Desktop\项目\2026编制项目\阜阳北机务折返段新增股道工程\提资\2026.5\电力-工程数量表（2026-05-06）.xlsx	Sheet1!E7	1	1
2026-05-21 16:38:14	Manual	3859	4731015*1.01	C:\Users\谢刚\Desktop\项目\2026编制项目\阜阳北机务折返段新增股道工程\提资\2026.5\电力-工程数量表（2026-05-06）.xlsx	Sheet1!E8	5	5
2026-05-21 16:38:14	Manual	3862	DY-468	C:\Users\谢刚\Desktop\项目\2026编制项目\阜阳北机务折返段新增股道工程\提资\2026.5\电力-工程数量表（2026-05-06）.xlsx	Sheet1!E7	1	1
2026-05-21 16:38:14	Manual	3858	DY-524	C:\Users\谢刚\Desktop\项目\2026编制项目\阜阳北机务折返段新增股道工程\提资\2026.5\电力-工程数量表（2026-05-06）.xlsx	Sheet1!E7	1	1
2026-05-21 16:38:14	Manual	3855	DY-390	C:\Users\谢刚\Desktop\项目\2026编制项目\阜阳北机务折返段新增股道工程\提资\2026.5\电力-工程数量表（2026-05-06）.xlsx	Sheet1!E4	7	7
2026-05-21 16:38:14	Manual	3856	DY-405	C:\Users\谢刚\Desktop\项目\2026编制项目\阜阳北机务折返段新增股道工程\提资\2026.5\电力-工程数量表（2026-05-06）.xlsx	Sheet1!E5	7	14
2026-05-21 16:38:14	Manual	3857	DY-527	C:\Users\谢刚\Desktop\项目\2026编制项目\阜阳北机务折返段新增股道工程\提资\2026.5\电力-工程数量表（2026-05-06）.xlsx	Sheet1!E6	7	3.5
2026-05-21 16:38:36	Auto	3860	4731012*1.01	C:\Users\谢刚\Desktop\项目\2026编制项目\阜阳北机务折返段新增股道工程\提资\2026.5\电力-工程数量表（2026-05-06）.xlsx	Sheet1!E7	1	1
2026-05-21 16:38:36	Auto	3859	4731015*1.01	C:\Users\谢刚\Desktop\项目\2026编制项目\阜阳北机务折返段新增股道工程\提资\2026.5\电力-工程数量表（2026-05-06）.xlsx	Sheet1!E8	5	5
2026-05-21 16:38:36	Auto	3862	DY-468	C:\Users\谢刚\Desktop\项目\2026编制项目\阜阳北机务折返段新增股道工程\提资\2026.5\电力-工程数量表（2026-05-06）.xlsx	Sheet1!E7	1	1
2026-05-21 16:38:36	Auto	3858	DY-524	C:\Users\谢刚\Desktop\项目\2026编制项目\阜阳北机务折返段新增股道工程\提资\2026.5\电力-工程数量表（2026-05-06）.xlsx	Sheet1!E7	1	1
2026-05-21 16:38:36	Auto	3855	DY-390	C:\Users\谢刚\Desktop\项目\2026编制项目\阜阳北机务折返段新增股道工程\提资\2026.5\电力-工程数量表（2026-05-06）.xlsx	Sheet1!E4	7	12
2026-05-21 16:38:36	Auto	3856	DY-405	C:\Users\谢刚\Desktop\项目\2026编制项目\阜阳北机务折返段新增股道工程\提资\2026.5\电力-工程数量表（2026-05-06）.xlsx	Sheet1!E5	14	4
2026-05-21 16:38:36	Auto	3857	DY-527	C:\Users\谢刚\Desktop\项目\2026编制项目\阜阳北机务折返段新增股道工程\提资\2026.5\电力-工程数量表（2026-05-06）.xlsx	Sheet1!E6	3.5	3
2026-05-21 16:39:59	Auto	3860	4731012*1.01	C:\Users\谢刚\Desktop\项目\2026编制项目\阜阳北机务折返段新增股道工程\提资\2026.5\电力-工程数量表（2026-05-06）.xlsx	Sheet1!E7	1	1
2026-05-21 16:39:59	Auto	3859	4731015*1.01	C:\Users\谢刚\Desktop\项目\2026编制项目\阜阳北机务折返段新增股道工程\提资\2026.5\电力-工程数量表（2026-05-06）.xlsx	Sheet1!E8	5	5
2026-05-21 16:39:59	Auto	3862	DY-468	C:\Users\谢刚\Desktop\项目\2026编制项目\阜阳北机务折返段新增股道工程\提资\2026.5\电力-工程数量表（2026-05-06）.xlsx	Sheet1!E7	1	1
2026-05-21 16:39:59	Auto	3858	DY-524	C:\Users\谢刚\Desktop\项目\2026编制项目\阜阳北机务折返段新增股道工程\提资\2026.5\电力-工程数量表（2026-05-06）.xlsx	Sheet1!E7	1	1
2026-05-21 16:39:59	Auto	3855	DY-390	C:\Users\谢刚\Desktop\项目\2026编制项目\阜阳北机务折返段新增股道工程\提资\2026.5\电力-工程数量表（2026-05-06）.xlsx	Sheet1!E4	12	14
2026-05-21 16:39:59	Auto	3856	DY-405	C:\Users\谢刚\Desktop\项目\2026编制项目\阜阳北机务折返段新增股道工程\提资\2026.5\电力-工程数量表（2026-05-06）.xlsx	Sheet1!E5	4	8
2026-05-21 16:39:59	Auto	3857	DY-527	C:\Users\谢刚\Desktop\项目\2026编制项目\阜阳北机务折返段新增股道工程\提资\2026.5\电力-工程数量表（2026-05-06）.xlsx	Sheet1!E6	3	6
2026-05-21 16:47:09	Auto	3860	4731012*1.01	C:\Users\谢刚\Desktop\项目\2026编制项目\阜阳北机务折返段新增股道工程\提资\2026.5\电力-工程数量表（2026-05-06）.xlsx	Sheet1!E7	1	1
2026-05-21 16:47:09	Auto	3859	4731015*1.01	C:\Users\谢刚\Desktop\项目\2026编制项目\阜阳北机务折返段新增股道工程\提资\2026.5\电力-工程数量表（2026-05-06）.xlsx	Sheet1!E8	5	5
2026-05-21 16:47:09	Auto	3862	DY-468	C:\Users\谢刚\Desktop\项目\2026编制项目\阜阳北机务折返段新增股道工程\提资\2026.5\电力-工程数量表（2026-05-06）.xlsx	Sheet1!E7	1	1
2026-05-21 16:47:09	Auto	3858	DY-524	C:\Users\谢刚\Desktop\项目\2026编制项目\阜阳北机务折返段新增股道工程\提资\2026.5\电力-工程数量表（2026-05-06）.xlsx	Sheet1!E7	1	1
2026-05-21 16:47:09	Auto	3857	DY-527	C:\Users\谢刚\Desktop\项目\2026编制项目\阜阳北机务折返段新增股道工程\提资\2026.5\电力-工程数量表（2026-05-06）.xlsx	Sheet1!E6	6	6
2026-05-21 16:47:09	Auto	3855	DY-390	C:\Users\谢刚\Desktop\项目\2026编制项目\阜阳北机务折返段新增股道工程\提资\2026.5\电力-工程数量表（2026-05-06）.xlsx	Sheet1!E4	14	14
2026-05-21 16:47:09	Auto	3856	DY-405	C:\Users\谢刚\Desktop\项目\2026编制项目\阜阳北机务折返段新增股道工程\提资\2026.5\电力-工程数量表（2026-05-06）.xlsx	Sheet1!E4	8	1.4
2026-05-21 16:48:34	Manual	3860	4731012*1.01	C:\Users\谢刚\Desktop\项目\2026编制项目\阜阳北机务折返段新增股道工程\提资\2026.5\电力-工程数量表（2026-05-06）.xlsx	Sheet1!E7	1	1
2026-05-21 16:48:34	Manual	3859	4731015*1.01	C:\Users\谢刚\Desktop\项目\2026编制项目\阜阳北机务折返段新增股道工程\提资\2026.5\电力-工程数量表（2026-05-06）.xlsx	Sheet1!E8	5	5
2026-05-21 16:48:34	Manual	3862	DY-468	C:\Users\谢刚\Desktop\项目\2026编制项目\阜阳北机务折返段新增股道工程\提资\2026.5\电力-工程数量表（2026-05-06）.xlsx	Sheet1!E7	1	1
2026-05-21 16:48:34	Manual	3858	DY-524	C:\Users\谢刚\Desktop\项目\2026编制项目\阜阳北机务折返段新增股道工程\提资\2026.5\电力-工程数量表（2026-05-06）.xlsx	Sheet1!E7	1	1
2026-05-21 16:48:34	Manual	3855	DY-390	C:\Users\谢刚\Desktop\项目\2026编制项目\阜阳北机务折返段新增股道工程\提资\2026.5\电力-工程数量表（2026-05-06）.xlsx	Sheet1!E4	14	14
2026-05-21 16:48:34	Manual	3856	DY-405	C:\Users\谢刚\Desktop\项目\2026编制项目\阜阳北机务折返段新增股道工程\提资\2026.5\电力-工程数量表（2026-05-06）.xlsx	Sheet1!E6	1.4	12
2026-05-21 16:48:34	Manual	3857	DY-527	C:\Users\谢刚\Desktop\项目\2026编制项目\阜阳北机务折返段新增股道工程\提资\2026.5\电力-工程数量表（2026-05-06）.xlsx	Sheet1!E6	6	1.2
2026-05-21 16:48:47	Auto	3860	4731012*1.01	C:\Users\谢刚\Desktop\项目\2026编制项目\阜阳北机务折返段新增股道工程\提资\2026.5\电力-工程数量表（2026-05-06）.xlsx	Sheet1!E7	1	1
2026-05-21 16:48:47	Auto	3859	4731015*1.01	C:\Users\谢刚\Desktop\项目\2026编制项目\阜阳北机务折返段新增股道工程\提资\2026.5\电力-工程数量表（2026-05-06）.xlsx	Sheet1!E8	5	5
2026-05-21 16:48:47	Auto	3862	DY-468	C:\Users\谢刚\Desktop\项目\2026编制项目\阜阳北机务折返段新增股道工程\提资\2026.5\电力-工程数量表（2026-05-06）.xlsx	Sheet1!E7	1	1
2026-05-21 16:48:47	Auto	3858	DY-524	C:\Users\谢刚\Desktop\项目\2026编制项目\阜阳北机务折返段新增股道工程\提资\2026.5\电力-工程数量表（2026-05-06）.xlsx	Sheet1!E7	1	1
2026-05-21 16:48:47	Auto	3855	DY-390	C:\Users\谢刚\Desktop\项目\2026编制项目\阜阳北机务折返段新增股道工程\提资\2026.5\电力-工程数量表（2026-05-06）.xlsx	Sheet1!E4	14	1
2026-05-21 16:48:47	Auto	3856	DY-405	C:\Users\谢刚\Desktop\项目\2026编制项目\阜阳北机务折返段新增股道工程\提资\2026.5\电力-工程数量表（2026-05-06）.xlsx	Sheet1!E6	12	3
2026-05-21 16:48:47	Auto	3857	DY-527	C:\Users\谢刚\Desktop\项目\2026编制项目\阜阳北机务折返段新增股道工程\提资\2026.5\电力-工程数量表（2026-05-06）.xlsx	Sheet1!E6	1.2	0.3
2026-05-21 17:30:34	Auto	3860	4731012*1.01	C:\Users\谢刚\Desktop\项目\2026编制项目\阜阳北机务折返段新增股道工程\提资\2026.5\电力-工程数量表（2026-05-06）.xlsx	Sheet1!E7	1	1
2026-05-21 17:30:34	Auto	3859	4731015*1.01	C:\Users\谢刚\Desktop\项目\2026编制项目\阜阳北机务折返段新增股道工程\提资\2026.5\电力-工程数量表（2026-05-06）.xlsx	Sheet1!E8	5	5
2026-05-21 17:30:34	Auto	3862	DY-468	C:\Users\谢刚\Desktop\项目\2026编制项目\阜阳北机务折返段新增股道工程\提资\2026.5\电力-工程数量表（2026-05-06）.xlsx	Sheet1!E7	1	1
2026-05-21 17:30:34	Auto	3858	DY-524	C:\Users\谢刚\Desktop\项目\2026编制项目\阜阳北机务折返段新增股道工程\提资\2026.5\电力-工程数量表（2026-05-06）.xlsx	Sheet1!E7	1	1
2026-05-21 17:30:34	Auto	3855	DY-390	C:\Users\谢刚\Desktop\项目\2026编制项目\阜阳北机务折返段新增股道工程\提资\2026.5\电力-工程数量表（2026-05-06）.xlsx	Sheet1!E4	1	1
2026-05-21 17:30:34	Auto	3856	DY-405	C:\Users\谢刚\Desktop\项目\2026编制项目\阜阳北机务折返段新增股道工程\提资\2026.5\电力-工程数量表（2026-05-06）.xlsx	Sheet1!E6	3	3
2026-05-21 17:30:34	Auto	3857	DY-527	C:\Users\谢刚\Desktop\项目\2026编制项目\阜阳北机务折返段新增股道工程\提资\2026.5\电力-工程数量表（2026-05-06）.xlsx	Sheet1!E6	0.3	0.3
2026-05-21 17:30:41	Manual	3860	4731012*1.01	C:\Users\谢刚\Desktop\项目\2026编制项目\阜阳北机务折返段新增股道工程\提资\2026.5\电力-工程数量表（2026-05-06）.xlsx	Sheet1!E7	1	1
2026-05-21 17:30:41	Manual	3859	4731015*1.01	C:\Users\谢刚\Desktop\项目\2026编制项目\阜阳北机务折返段新增股道工程\提资\2026.5\电力-工程数量表（2026-05-06）.xlsx	Sheet1!E8	5	5
2026-05-21 17:30:41	Manual	3862	DY-468	C:\Users\谢刚\Desktop\项目\2026编制项目\阜阳北机务折返段新增股道工程\提资\2026.5\电力-工程数量表（2026-05-06）.xlsx	Sheet1!E7	1	1
2026-05-21 17:30:41	Manual	3858	DY-524	C:\Users\谢刚\Desktop\项目\2026编制项目\阜阳北机务折返段新增股道工程\提资\2026.5\电力-工程数量表（2026-05-06）.xlsx	Sheet1!E7	1	1
2026-05-21 17:30:41	Manual	3855	DY-390	C:\Users\谢刚\Desktop\项目\2026编制项目\阜阳北机务折返段新增股道工程\提资\2026.5\电力-工程数量表（2026-05-06）.xlsx	Sheet1!E4	1	1
2026-05-21 17:30:41	Manual	3856	DY-405	C:\Users\谢刚\Desktop\项目\2026编制项目\阜阳北机务折返段新增股道工程\提资\2026.5\电力-工程数量表（2026-05-06）.xlsx	Sheet1!E6	3	3
2026-05-21 17:30:41	Manual	3857	DY-527	C:\Users\谢刚\Desktop\项目\2026编制项目\阜阳北机务折返段新增股道工程\提资\2026.5\电力-工程数量表（2026-05-06）.xlsx	Sheet1!E6	0.3	0.3
2026-05-21 17:30:43	Manual	3860	4731012*1.01	C:\Users\谢刚\Desktop\项目\2026编制项目\阜阳北机务折返段新增股道工程\提资\2026.5\电力-工程数量表（2026-05-06）.xlsx	Sheet1!E7	1	1
2026-05-21 17:30:43	Manual	3859	4731015*1.01	C:\Users\谢刚\Desktop\项目\2026编制项目\阜阳北机务折返段新增股道工程\提资\2026.5\电力-工程数量表（2026-05-06）.xlsx	Sheet1!E8	5	5
2026-05-21 17:30:43	Manual	3862	DY-468	C:\Users\谢刚\Desktop\项目\2026编制项目\阜阳北机务折返段新增股道工程\提资\2026.5\电力-工程数量表（2026-05-06）.xlsx	Sheet1!E7	1	1
2026-05-21 17:30:43	Manual	3858	DY-524	C:\Users\谢刚\Desktop\项目\2026编制项目\阜阳北机务折返段新增股道工程\提资\2026.5\电力-工程数量表（2026-05-06）.xlsx	Sheet1!E7	1	1
2026-05-21 17:30:43	Manual	3855	DY-390	C:\Users\谢刚\Desktop\项目\2026编制项目\阜阳北机务折返段新增股道工程\提资\2026.5\电力-工程数量表（2026-05-06）.xlsx	Sheet1!E4	1	1
2026-05-21 17:30:43	Manual	3856	DY-405	C:\Users\谢刚\Desktop\项目\2026编制项目\阜阳北机务折返段新增股道工程\提资\2026.5\电力-工程数量表（2026-05-06）.xlsx	Sheet1!E6	3	3
2026-05-21 17:30:43	Manual	3857	DY-527	C:\Users\谢刚\Desktop\项目\2026编制项目\阜阳北机务折返段新增股道工程\提资\2026.5\电力-工程数量表（2026-05-06）.xlsx	Sheet1!E6	0.3	0.3
2026-05-21 17:42:15	Manual	3860	4731012*1.01	C:\Users\谢刚\Desktop\项目\2026编制项目\阜阳北机务折返段新增股道工程\提资\2026.5\电力-工程数量表（2026-05-06）.xlsx	Sheet1!E7	1	1
2026-05-21 17:42:15	Manual	3859	4731015*1.01	C:\Users\谢刚\Desktop\项目\2026编制项目\阜阳北机务折返段新增股道工程\提资\2026.5\电力-工程数量表（2026-05-06）.xlsx	Sheet1!E8	5	5
2026-05-21 17:42:15	Manual	3862	DY-468	C:\Users\谢刚\Desktop\项目\2026编制项目\阜阳北机务折返段新增股道工程\提资\2026.5\电力-工程数量表（2026-05-06）.xlsx	Sheet1!E7	1	1
2026-05-21 17:42:15	Manual	4166	DY-390	C:\Users\谢刚\Desktop\项目\2026编制项目\阜阳北机务折返段新增股道工程\提资\2026.5\电力-工程数量表（2026-05-06）.xlsx	Sheet1!E9	0	4.3
2026-05-21 17:42:15	Manual	3855	DY-390	C:\Users\谢刚\Desktop\项目\2026编制项目\阜阳北机务折返段新增股道工程\提资\2026.5\电力-工程数量表（2026-05-06）.xlsx	Sheet1!E4	1	1
2026-05-21 17:42:15	Manual	3856	DY-405	C:\Users\谢刚\Desktop\项目\2026编制项目\阜阳北机务折返段新增股道工程\提资\2026.5\电力-工程数量表（2026-05-06）.xlsx	Sheet1!E5	3	2
2026-05-21 17:42:15	Manual	3857	DY-527	C:\Users\谢刚\Desktop\项目\2026编制项目\阜阳北机务折返段新增股道工程\提资\2026.5\电力-工程数量表（2026-05-06）.xlsx	Sheet1!E6	0.3	3
2026-05-21 17:42:15	Manual	3858	DY-524	C:\Users\谢刚\Desktop\项目\2026编制项目\阜阳北机务折返段新增股道工程\提资\2026.5\电力-工程数量表（2026-05-06）.xlsx	Sheet1!E6	1	4
2026-05-21 17:42:33	Auto	3860	4731012*1.01	C:\Users\谢刚\Desktop\项目\2026编制项目\阜阳北机务折返段新增股道工程\提资\2026.5\电力-工程数量表（2026-05-06）.xlsx	Sheet1!E7	1	1
2026-05-21 17:42:33	Auto	3859	4731015*1.01	C:\Users\谢刚\Desktop\项目\2026编制项目\阜阳北机务折返段新增股道工程\提资\2026.5\电力-工程数量表（2026-05-06）.xlsx	Sheet1!E8	5	5
2026-05-21 17:42:33	Auto	3862	DY-468	C:\Users\谢刚\Desktop\项目\2026编制项目\阜阳北机务折返段新增股道工程\提资\2026.5\电力-工程数量表（2026-05-06）.xlsx	Sheet1!E7	1	1
2026-05-21 17:42:33	Auto	4166	DY-390	C:\Users\谢刚\Desktop\项目\2026编制项目\阜阳北机务折返段新增股道工程\提资\2026.5\电力-工程数量表（2026-05-06）.xlsx	Sheet1!E9	4.3	4.3
2026-05-21 17:42:33	Auto	3855	DY-390	C:\Users\谢刚\Desktop\项目\2026编制项目\阜阳北机务折返段新增股道工程\提资\2026.5\电力-工程数量表（2026-05-06）.xlsx	Sheet1!E4	1	2
2026-05-21 17:42:33	Auto	3856	DY-405	C:\Users\谢刚\Desktop\项目\2026编制项目\阜阳北机务折返段新增股道工程\提资\2026.5\电力-工程数量表（2026-05-06）.xlsx	Sheet1!E5	2	3
2026-05-21 17:42:33	Auto	3857	DY-527	C:\Users\谢刚\Desktop\项目\2026编制项目\阜阳北机务折返段新增股道工程\提资\2026.5\电力-工程数量表（2026-05-06）.xlsx	Sheet1!E6	3	3
2026-05-21 17:42:33	Auto	3858	DY-524	C:\Users\谢刚\Desktop\项目\2026编制项目\阜阳北机务折返段新增股道工程\提资\2026.5\电力-工程数量表（2026-05-06）.xlsx	Sheet1!E6	4	4
2026-05-21 17:45:31	Manual	4166	DY-390	C:\Users\谢刚\Desktop\项目\2026编制项目\阜阳北机务折返段新增股道工程\提资\2026.5\电力-工程数量表（2026-05-06）.xlsx	Sheet1!E9	4.3	4.3
2026-05-21 17:45:31	Manual	3855	DY-390	C:\Users\谢刚\Desktop\项目\2026编制项目\阜阳北机务折返段新增股道工程\提资\2026.5\电力-工程数量表（2026-05-06）.xlsx	Sheet1!E4	2	2
2026-05-21 17:45:31	Manual	3856	DY-405	C:\Users\谢刚\Desktop\项目\2026编制项目\阜阳北机务折返段新增股道工程\提资\2026.5\电力-工程数量表（2026-05-06）.xlsx	Sheet1!E5	3	3
2026-05-21 17:45:31	Manual	3857	DY-527	C:\Users\谢刚\Desktop\项目\2026编制项目\阜阳北机务折返段新增股道工程\提资\2026.5\电力-工程数量表（2026-05-06）.xlsx	Sheet1!E6	3	3
2026-05-21 17:45:31	Manual	3858	DY-524	C:\Users\谢刚\Desktop\项目\2026编制项目\阜阳北机务折返段新增股道工程\提资\2026.5\电力-工程数量表（2026-05-06）.xlsx	Sheet1!E7	4	1
2026-05-21 17:45:31	Manual	3859	4731015*1.01	C:\Users\谢刚\Desktop\项目\2026编制项目\阜阳北机务折返段新增股道工程\提资\2026.5\电力-工程数量表（2026-05-06）.xlsx	Sheet1!E8	5	5
2026-05-21 17:45:31	Manual	3860	4731012*1.01	C:\Users\谢刚\Desktop\项目\2026编制项目\阜阳北机务折返段新增股道工程\提资\2026.5\电力-工程数量表（2026-05-06）.xlsx	Sheet1!E9	1	4.3
2026-05-21 17:45:31	Manual	3861	DY-963	C:\Users\谢刚\Desktop\项目\2026编制项目\阜阳北机务折返段新增股道工程\提资\2026.5\电力-工程数量表（2026-05-06）.xlsx	Sheet1!E10	0.2+0.2	0.5
2026-05-21 17:45:31	Manual	4080	DY-474	C:\Users\谢刚\Desktop\项目\2026编制项目\阜阳北机务折返段新增股道工程\提资\2026.5\电力-工程数量表（2026-05-06）.xlsx	Sheet1!E11	7	0.2
2026-05-21 17:45:31	Manual	3862	DY-468	C:\Users\谢刚\Desktop\项目\2026编制项目\阜阳北机务折返段新增股道工程\提资\2026.5\电力-工程数量表（2026-05-06）.xlsx	Sheet1!E12	1	4
2026-05-21 17:45:31	Manual	3863	DY-469	C:\Users\谢刚\Desktop\项目\2026编制项目\阜阳北机务折返段新增股道工程\提资\2026.5\电力-工程数量表（2026-05-06）.xlsx	Sheet1!E13	0	11
2026-05-21 17:45:51	Auto	4166	DY-390	C:\Users\谢刚\Desktop\项目\2026编制项目\阜阳北机务折返段新增股道工程\提资\2026.5\电力-工程数量表（2026-05-06）.xlsx	Sheet1!E9	4.3	1
2026-05-21 17:45:51	Auto	3855	DY-390	C:\Users\谢刚\Desktop\项目\2026编制项目\阜阳北机务折返段新增股道工程\提资\2026.5\电力-工程数量表（2026-05-06）.xlsx	Sheet1!E4	2	2
2026-05-21 17:45:51	Auto	3856	DY-405	C:\Users\谢刚\Desktop\项目\2026编制项目\阜阳北机务折返段新增股道工程\提资\2026.5\电力-工程数量表（2026-05-06）.xlsx	Sheet1!E5	3	1
2026-05-21 17:45:51	Auto	3857	DY-527	C:\Users\谢刚\Desktop\项目\2026编制项目\阜阳北机务折返段新增股道工程\提资\2026.5\电力-工程数量表（2026-05-06）.xlsx	Sheet1!E6	3	213
2026-05-21 17:45:51	Auto	3858	DY-524	C:\Users\谢刚\Desktop\项目\2026编制项目\阜阳北机务折返段新增股道工程\提资\2026.5\电力-工程数量表（2026-05-06）.xlsx	Sheet1!E7	1	11
2026-05-21 17:45:51	Auto	3859	4731015*1.01	C:\Users\谢刚\Desktop\项目\2026编制项目\阜阳北机务折返段新增股道工程\提资\2026.5\电力-工程数量表（2026-05-06）.xlsx	Sheet1!E8	5	1
2026-05-21 17:45:51	Auto	3860	4731012*1.01	C:\Users\谢刚\Desktop\项目\2026编制项目\阜阳北机务折返段新增股道工程\提资\2026.5\电力-工程数量表（2026-05-06）.xlsx	Sheet1!E9	4.3	1
2026-05-21 17:45:51	Auto	3861	DY-963	C:\Users\谢刚\Desktop\项目\2026编制项目\阜阳北机务折返段新增股道工程\提资\2026.5\电力-工程数量表（2026-05-06）.xlsx	Sheet1!E10	0.5	1
2026-05-21 17:45:51	Auto	4080	DY-474	C:\Users\谢刚\Desktop\项目\2026编制项目\阜阳北机务折返段新增股道工程\提资\2026.5\电力-工程数量表（2026-05-06）.xlsx	Sheet1!E11	0.2	1
2026-05-21 17:45:51	Auto	3862	DY-468	C:\Users\谢刚\Desktop\项目\2026编制项目\阜阳北机务折返段新增股道工程\提资\2026.5\电力-工程数量表（2026-05-06）.xlsx	Sheet1!E12	4	1
2026-05-21 17:45:51	Auto	3863	DY-469	C:\Users\谢刚\Desktop\项目\2026编制项目\阜阳北机务折返段新增股道工程\提资\2026.5\电力-工程数量表（2026-05-06）.xlsx	Sheet1!E13	11	1
2026-05-21 17:46:25	Auto	4166	DY-390	C:\Users\谢刚\Desktop\项目\2026编制项目\阜阳北机务折返段新增股道工程\提资\2026.5\电力-工程数量表（2026-05-06）.xlsx	Sheet1!E9	1	1
2026-05-21 17:46:25	Auto	3855	DY-390	C:\Users\谢刚\Desktop\项目\2026编制项目\阜阳北机务折返段新增股道工程\提资\2026.5\电力-工程数量表（2026-05-06）.xlsx	Sheet1!E4	2	2
2026-05-21 17:46:25	Auto	3856	DY-405	C:\Users\谢刚\Desktop\项目\2026编制项目\阜阳北机务折返段新增股道工程\提资\2026.5\电力-工程数量表（2026-05-06）.xlsx	Sheet1!E5	1	1
2026-05-21 17:46:25	Auto	3857	DY-527	C:\Users\谢刚\Desktop\项目\2026编制项目\阜阳北机务折返段新增股道工程\提资\2026.5\电力-工程数量表（2026-05-06）.xlsx	Sheet1!E6	213	213
2026-05-21 17:46:25	Auto	3858	DY-524	C:\Users\谢刚\Desktop\项目\2026编制项目\阜阳北机务折返段新增股道工程\提资\2026.5\电力-工程数量表（2026-05-06）.xlsx	Sheet1!E7	11	11
2026-05-21 17:46:25	Auto	3859	4731015*1.01	C:\Users\谢刚\Desktop\项目\2026编制项目\阜阳北机务折返段新增股道工程\提资\2026.5\电力-工程数量表（2026-05-06）.xlsx	Sheet1!E8	1	1
2026-05-21 17:46:25	Auto	3860	4731012*1.01	C:\Users\谢刚\Desktop\项目\2026编制项目\阜阳北机务折返段新增股道工程\提资\2026.5\电力-工程数量表（2026-05-06）.xlsx	Sheet1!E9	1	1
2026-05-21 17:46:25	Auto	3861	DY-963	C:\Users\谢刚\Desktop\项目\2026编制项目\阜阳北机务折返段新增股道工程\提资\2026.5\电力-工程数量表（2026-05-06）.xlsx	Sheet1!E10	1	1
2026-05-21 17:46:25	Auto	4080	DY-474	C:\Users\谢刚\Desktop\项目\2026编制项目\阜阳北机务折返段新增股道工程\提资\2026.5\电力-工程数量表（2026-05-06）.xlsx	Sheet1!E11	1	1
2026-05-21 17:46:25	Auto	3862	DY-468	C:\Users\谢刚\Desktop\项目\2026编制项目\阜阳北机务折返段新增股道工程\提资\2026.5\电力-工程数量表（2026-05-06）.xlsx	Sheet1!E12	1	1
2026-05-21 17:46:25	Auto	3863	DY-469	C:\Users\谢刚\Desktop\项目\2026编制项目\阜阳北机务折返段新增股道工程\提资\2026.5\电力-工程数量表（2026-05-06）.xlsx	Sheet1!E13	1	1
2026-05-21 17:46:54	Auto	4166	DY-390	C:\Users\谢刚\Desktop\项目\2026编制项目\阜阳北机务折返段新增股道工程\提资\2026.5\电力-工程数量表（2026-05-06）.xlsx	Sheet1!E9	1	131
2026-05-21 17:46:54	Auto	3855	DY-390	C:\Users\谢刚\Desktop\项目\2026编制项目\阜阳北机务折返段新增股道工程\提资\2026.5\电力-工程数量表（2026-05-06）.xlsx	Sheet1!E4	2	2
2026-05-21 17:46:54	Auto	3856	DY-405	C:\Users\谢刚\Desktop\项目\2026编制项目\阜阳北机务折返段新增股道工程\提资\2026.5\电力-工程数量表（2026-05-06）.xlsx	Sheet1!E5	1	13
2026-05-21 17:46:54	Auto	3857	DY-527	C:\Users\谢刚\Desktop\项目\2026编制项目\阜阳北机务折返段新增股道工程\提资\2026.5\电力-工程数量表（2026-05-06）.xlsx	Sheet1!E6	213	213
2026-05-21 17:46:54	Auto	3858	DY-524	C:\Users\谢刚\Desktop\项目\2026编制项目\阜阳北机务折返段新增股道工程\提资\2026.5\电力-工程数量表（2026-05-06）.xlsx	Sheet1!E7	11	13
2026-05-21 17:46:54	Auto	3859	4731015*1.01	C:\Users\谢刚\Desktop\项目\2026编制项目\阜阳北机务折返段新增股道工程\提资\2026.5\电力-工程数量表（2026-05-06）.xlsx	Sheet1!E8	1	13
2026-05-21 17:46:54	Auto	3860	4731012*1.01	C:\Users\谢刚\Desktop\项目\2026编制项目\阜阳北机务折返段新增股道工程\提资\2026.5\电力-工程数量表（2026-05-06）.xlsx	Sheet1!E9	1	131
2026-05-21 17:46:54	Auto	3861	DY-963	C:\Users\谢刚\Desktop\项目\2026编制项目\阜阳北机务折返段新增股道工程\提资\2026.5\电力-工程数量表（2026-05-06）.xlsx	Sheet1!E10	1	31
2026-05-21 17:46:54	Auto	4080	DY-474	C:\Users\谢刚\Desktop\项目\2026编制项目\阜阳北机务折返段新增股道工程\提资\2026.5\电力-工程数量表（2026-05-06）.xlsx	Sheet1!E11	1	31
2026-05-21 17:46:54	Auto	3862	DY-468	C:\Users\谢刚\Desktop\项目\2026编制项目\阜阳北机务折返段新增股道工程\提资\2026.5\电力-工程数量表（2026-05-06）.xlsx	Sheet1!E12	1	31
2026-05-21 17:46:54	Auto	3863	DY-469	C:\Users\谢刚\Desktop\项目\2026编制项目\阜阳北机务折返段新增股道工程\提资\2026.5\电力-工程数量表（2026-05-06）.xlsx	Sheet1!E13	1	313
2026-05-21 17:53:04	Auto	4166	DY-390	C:\Users\谢刚\Desktop\项目\2026编制项目\阜阳北机务折返段新增股道工程\提资\2026.5\电力-工程数量表（2026-05-06）.xlsx	Sheet1!E9	131	2
2026-05-21 17:53:04	Auto	3855	DY-390	C:\Users\谢刚\Desktop\项目\2026编制项目\阜阳北机务折返段新增股道工程\提资\2026.5\电力-工程数量表（2026-05-06）.xlsx	Sheet1!E4	2	2
2026-05-21 17:53:04	Auto	3856	DY-405	C:\Users\谢刚\Desktop\项目\2026编制项目\阜阳北机务折返段新增股道工程\提资\2026.5\电力-工程数量表（2026-05-06）.xlsx	Sheet1!E5	13	2
2026-05-21 17:53:04	Auto	3857	DY-527	C:\Users\谢刚\Desktop\项目\2026编制项目\阜阳北机务折返段新增股道工程\提资\2026.5\电力-工程数量表（2026-05-06）.xlsx	Sheet1!E6	213	2
2026-05-21 17:53:04	Auto	3858	DY-524	C:\Users\谢刚\Desktop\项目\2026编制项目\阜阳北机务折返段新增股道工程\提资\2026.5\电力-工程数量表（2026-05-06）.xlsx	Sheet1!E7	13	2
2026-05-21 17:53:04	Auto	3859	4731015*1.01	C:\Users\谢刚\Desktop\项目\2026编制项目\阜阳北机务折返段新增股道工程\提资\2026.5\电力-工程数量表（2026-05-06）.xlsx	Sheet1!E8	13	2
2026-05-21 17:53:04	Auto	3860	4731012*1.01	C:\Users\谢刚\Desktop\项目\2026编制项目\阜阳北机务折返段新增股道工程\提资\2026.5\电力-工程数量表（2026-05-06）.xlsx	Sheet1!E9	131	2
2026-05-21 17:53:04	Auto	3861	DY-963	C:\Users\谢刚\Desktop\项目\2026编制项目\阜阳北机务折返段新增股道工程\提资\2026.5\电力-工程数量表（2026-05-06）.xlsx	Sheet1!E10	31	2
2026-05-21 17:53:04	Auto	4080	DY-474	C:\Users\谢刚\Desktop\项目\2026编制项目\阜阳北机务折返段新增股道工程\提资\2026.5\电力-工程数量表（2026-05-06）.xlsx	Sheet1!E11	31	2
2026-05-21 17:53:04	Auto	3862	DY-468	C:\Users\谢刚\Desktop\项目\2026编制项目\阜阳北机务折返段新增股道工程\提资\2026.5\电力-工程数量表（2026-05-06）.xlsx	Sheet1!E12	31	2
2026-05-21 17:53:04	Auto	3863	DY-469	C:\Users\谢刚\Desktop\项目\2026编制项目\阜阳北机务折返段新增股道工程\提资\2026.5\电力-工程数量表（2026-05-06）.xlsx	Sheet1!E13	313	2
2026-05-21 18:48:03	Auto	4166	DY-390	C:\Users\谢刚\Desktop\项目\2026编制项目\阜阳北机务折返段新增股道工程\提资\2026.5\电力-工程数量表（2026-05-06）.xlsx	Sheet1!E9	2	2
2026-05-21 18:48:03	Auto	3860	4731012*1.01	C:\Users\谢刚\Desktop\项目\2026编制项目\阜阳北机务折返段新增股道工程\提资\2026.5\电力-工程数量表（2026-05-06）.xlsx	Sheet1!E9	2	2
2026-05-21 18:48:03	Auto	3861	DY-963	C:\Users\谢刚\Desktop\项目\2026编制项目\阜阳北机务折返段新增股道工程\提资\2026.5\电力-工程数量表（2026-05-06）.xlsx	Sheet1!E10	2	2
2026-05-21 18:48:03	Auto	4080	DY-474	C:\Users\谢刚\Desktop\项目\2026编制项目\阜阳北机务折返段新增股道工程\提资\2026.5\电力-工程数量表（2026-05-06）.xlsx	Sheet1!E11	2	2
2026-05-21 18:48:03	Auto	3862	DY-468	C:\Users\谢刚\Desktop\项目\2026编制项目\阜阳北机务折返段新增股道工程\提资\2026.5\电力-工程数量表（2026-05-06）.xlsx	Sheet1!E12	2	2
2026-05-21 18:48:03	Auto	3863	DY-469	C:\Users\谢刚\Desktop\项目\2026编制项目\阜阳北机务折返段新增股道工程\提资\2026.5\电力-工程数量表（2026-05-06）.xlsx	Sheet1!E13	2	2
2026-05-21 18:48:03	Auto	3855	DY-390	C:\Users\谢刚\Desktop\项目\2026编制项目\阜阳北机务折返段新增股道工程\提资\2026.5\电力-工程数量表（2026-05-06）.xlsx	Sheet1!E4	2	1
2026-05-21 18:48:03	Auto	3856	DY-405	C:\Users\谢刚\Desktop\项目\2026编制项目\阜阳北机务折返段新增股道工程\提资\2026.5\电力-工程数量表（2026-05-06）.xlsx	Sheet1!E5	2	1
2026-05-21 18:48:03	Auto	3857	DY-527	C:\Users\谢刚\Desktop\项目\2026编制项目\阜阳北机务折返段新增股道工程\提资\2026.5\电力-工程数量表（2026-05-06）.xlsx	Sheet1!E6	2	1
2026-05-21 18:48:03	Auto	3858	DY-524	C:\Users\谢刚\Desktop\项目\2026编制项目\阜阳北机务折返段新增股道工程\提资\2026.5\电力-工程数量表（2026-05-06）.xlsx	Sheet1!E6	2	2
2026-05-21 18:48:03	Auto	3859	4731015*1.01	C:\Users\谢刚\Desktop\项目\2026编制项目\阜阳北机务折返段新增股道工程\提资\2026.5\电力-工程数量表（2026-05-06）.xlsx	Sheet1!E7	2	0.01
2026-05-21 18:49:26	Manual	4166	DY-390	C:\Users\谢刚\Desktop\项目\2026编制项目\阜阳北机务折返段新增股道工程\提资\2026.5\电力-工程数量表（2026-05-06）.xlsx	Sheet1!E9	2	2
2026-05-21 18:49:26	Manual	3861	DY-963	C:\Users\谢刚\Desktop\项目\2026编制项目\阜阳北机务折返段新增股道工程\提资\2026.5\电力-工程数量表（2026-05-06）.xlsx	Sheet1!E10	2	2
2026-05-21 18:49:26	Manual	4080	DY-474	C:\Users\谢刚\Desktop\项目\2026编制项目\阜阳北机务折返段新增股道工程\提资\2026.5\电力-工程数量表（2026-05-06）.xlsx	Sheet1!E11	2	2
2026-05-21 18:49:26	Manual	3862	DY-468	C:\Users\谢刚\Desktop\项目\2026编制项目\阜阳北机务折返段新增股道工程\提资\2026.5\电力-工程数量表（2026-05-06）.xlsx	Sheet1!E12	2	2
2026-05-21 18:49:26	Manual	3863	DY-469	C:\Users\谢刚\Desktop\项目\2026编制项目\阜阳北机务折返段新增股道工程\提资\2026.5\电力-工程数量表（2026-05-06）.xlsx	Sheet1!E13	2	2
2026-05-21 18:49:26	Manual	3855	DY-390	C:\Users\谢刚\Desktop\项目\2026编制项目\阜阳北机务折返段新增股道工程\提资\2026.5\电力-工程数量表（2026-05-06）.xlsx	Sheet1!E4	1	1
2026-05-21 18:49:26	Manual	3856	DY-405	C:\Users\谢刚\Desktop\项目\2026编制项目\阜阳北机务折返段新增股道工程\提资\2026.5\电力-工程数量表（2026-05-06）.xlsx	Sheet1!E5	1	1
2026-05-21 18:49:26	Manual	3857	DY-527	C:\Users\谢刚\Desktop\项目\2026编制项目\阜阳北机务折返段新增股道工程\提资\2026.5\电力-工程数量表（2026-05-06）.xlsx	Sheet1!E6	1	1
2026-05-21 18:49:26	Manual	3858	DY-524	C:\Users\谢刚\Desktop\项目\2026编制项目\阜阳北机务折返段新增股道工程\提资\2026.5\电力-工程数量表（2026-05-06）.xlsx	Sheet1!E7	2	1
2026-05-21 18:49:26	Manual	3859	4731015*1.01	C:\Users\谢刚\Desktop\项目\2026编制项目\阜阳北机务折返段新增股道工程\提资\2026.5\电力-工程数量表（2026-05-06）.xlsx	Sheet1!E8	0.01	1
2026-05-21 18:49:26	Manual	3860	4731012*1.01	C:\Users\谢刚\Desktop\项目\2026编制项目\阜阳北机务折返段新增股道工程\提资\2026.5\电力-工程数量表（2026-05-06）.xlsx	Sheet1!E9	2	2
2026-05-21 18:49:46	Auto	4166	DY-390	C:\Users\谢刚\Desktop\项目\2026编制项目\阜阳北机务折返段新增股道工程\提资\2026.5\电力-工程数量表（2026-05-06）.xlsx	Sheet1!E9	2	555555
2026-05-21 18:49:46	Auto	3861	DY-963	C:\Users\谢刚\Desktop\项目\2026编制项目\阜阳北机务折返段新增股道工程\提资\2026.5\电力-工程数量表（2026-05-06）.xlsx	Sheet1!E10	2	5
2026-05-21 18:49:46	Auto	4080	DY-474	C:\Users\谢刚\Desktop\项目\2026编制项目\阜阳北机务折返段新增股道工程\提资\2026.5\电力-工程数量表（2026-05-06）.xlsx	Sheet1!E11	2	5
2026-05-21 18:49:46	Auto	3862	DY-468	C:\Users\谢刚\Desktop\项目\2026编制项目\阜阳北机务折返段新增股道工程\提资\2026.5\电力-工程数量表（2026-05-06）.xlsx	Sheet1!E12	2	2
2026-05-21 18:49:46	Auto	3863	DY-469	C:\Users\谢刚\Desktop\项目\2026编制项目\阜阳北机务折返段新增股道工程\提资\2026.5\电力-工程数量表（2026-05-06）.xlsx	Sheet1!E13	2	55
2026-05-21 18:49:46	Auto	3855	DY-390	C:\Users\谢刚\Desktop\项目\2026编制项目\阜阳北机务折返段新增股道工程\提资\2026.5\电力-工程数量表（2026-05-06）.xlsx	Sheet1!E4	1	1
2026-05-21 18:49:46	Auto	3856	DY-405	C:\Users\谢刚\Desktop\项目\2026编制项目\阜阳北机务折返段新增股道工程\提资\2026.5\电力-工程数量表（2026-05-06）.xlsx	Sheet1!E5	1	2
2026-05-21 18:49:46	Auto	3857	DY-527	C:\Users\谢刚\Desktop\项目\2026编制项目\阜阳北机务折返段新增股道工程\提资\2026.5\电力-工程数量表（2026-05-06）.xlsx	Sheet1!E6	1	55
2026-05-21 18:49:46	Auto	3858	DY-524	C:\Users\谢刚\Desktop\项目\2026编制项目\阜阳北机务折返段新增股道工程\提资\2026.5\电力-工程数量表（2026-05-06）.xlsx	Sheet1!E7	1	5
2026-05-21 18:49:46	Auto	3859	4731015*1.01	C:\Users\谢刚\Desktop\项目\2026编制项目\阜阳北机务折返段新增股道工程\提资\2026.5\电力-工程数量表（2026-05-06）.xlsx	Sheet1!E8	1	5
2026-05-21 18:49:46	Auto	3860	4731012*1.01	C:\Users\谢刚\Desktop\项目\2026编制项目\阜阳北机务折返段新增股道工程\提资\2026.5\电力-工程数量表（2026-05-06）.xlsx	Sheet1!E9	2	555555
